<?xml version="1.0" encoding="UTF-8"?>
<testsuite name="CinemaTests" tests="1" skipped="0" failures="0" errors="0" timestamp="2021-10-03T20:03:06" hostname="MacBook-MacBook.local" time="6.011">
  <properties/>
  <testcase name="start" classname="CinemaTests" time="6.011"/>
  <system-out><![CDATA[?[1;31m
Start test 1?[0m

  .   ____          _            __ _ _
 /\\ / ___'_ __ _ _(_)_ __  __ _ \ \ \ \
( ( )\___ | '_ | '_| | '_ \/ _` | \ \ \ \
 \\/  ___)| |_)| | | | | || (_| |  ) ) ) )
  '  |____| .__|_| |_|_| |_\__, | / / / /
 =========|_|==============|___/=/_/_/_/
 :: Spring Boot ::        (v2.3.1.RELEASE)

2021-10-03 23:03:07.732  INFO 6617 --- [    Test worker] cinema.Main                              : Starting Main on MacBook-MacBook.local with PID 6617 (started by macbook in /Users/macbook/Desktop/proga/информатикс/Cinema Room REST Service/Cinema Room REST Service/task)
2021-10-03 23:03:07.739  INFO 6617 --- [    Test worker] cinema.Main                              : No active profile set, falling back to default profiles: default
2021-10-03 23:03:09.904  INFO 6617 --- [    Test worker] o.s.b.w.embedded.tomcat.TomcatWebServer  : Tomcat initialized with port(s): 29852 (http)
2021-10-03 23:03:09.923  INFO 6617 --- [    Test worker] o.apache.catalina.core.StandardService   : Starting service [Tomcat]
2021-10-03 23:03:09.924  INFO 6617 --- [    Test worker] org.apache.catalina.core.StandardEngine  : Starting Servlet engine: [Apache Tomcat/9.0.36]
2021-10-03 23:03:10.068  INFO 6617 --- [    Test worker] o.a.c.c.C.[Tomcat].[localhost].[/]       : Initializing Spring embedded WebApplicationContext
2021-10-03 23:03:10.068  INFO 6617 --- [    Test worker] w.s.c.ServletWebServerApplicationContext : Root WebApplicationContext: initialization completed in 2227 ms
2021-10-03 23:03:10.520  INFO 6617 --- [    Test worker] o.s.s.concurrent.ThreadPoolTaskExecutor  : Initializing ExecutorService 'applicationTaskExecutor'
2021-10-03 23:03:10.937  INFO 6617 --- [    Test worker] o.s.b.a.e.web.EndpointLinksResolver      : Exposing 14 endpoint(s) beneath base path '/actuator'
2021-10-03 23:03:11.021  INFO 6617 --- [    Test worker] o.s.b.w.embedded.tomcat.TomcatWebServer  : Tomcat started on port(s): 29852 (http) with context path ''
2021-10-03 23:03:11.040  INFO 6617 --- [    Test worker] cinema.Main                              : Started Main in 4.312 seconds (JVM running for 5.778)
2021-10-03 23:03:11.719  INFO 6617 --- [io-29852-exec-1] o.a.c.c.C.[Tomcat].[localhost].[/]       : Initializing Spring DispatcherServlet 'dispatcherServlet'
2021-10-03 23:03:11.721  INFO 6617 --- [io-29852-exec-1] o.s.web.servlet.DispatcherServlet        : Initializing Servlet 'dispatcherServlet'
2021-10-03 23:03:11.735  INFO 6617 --- [io-29852-exec-1] o.s.web.servlet.DispatcherServlet        : Completed initialization in 13 ms
?[1;31m
Start test 2?[0m
?[1;31m
Start test 3?[0m
?[1;31m
Start test 4?[0m
?[1;31m
Start test 5?[0m
?[1;31m
Start test 6?[0m
?[1;31m
Start test 7?[0m
?[1;31m
Start test 8?[0m
?[1;31m
Start test 9?[0m
?[1;31m
Start test 10?[0m
?[1;31m
Start test 11?[0m
?[1;31m
Start test 12?[0m
]]></system-out>
  <system-err><![CDATA[]]></system-err>
</testsuite>
